<?xml version="1.0" encoding="UTF-8"?>
<testsuites name="Transferencias" time="262.345" tests="3" failures="0" errors="0">
   <testsuite name="Transferencias" tests="3" failures="0" errors="0" time="262.345" skipped="0" timestamp="2023-04-11 14:33:32" hostname="natalia.heit - AR-NB-490.tsoftglobal.com" id="Test Suites/03-Transferencias/Transferencias">
      <properties>
         <property name="deviceName" value=""/>
         <property name="devicePlatform" value=""/>
         <property name="logFolder" value="C:\\Users\\natalia.heit\\git\\KtlnNCDWeb\\Reports\\20230411_143121\\03-Transferencias\\Transferencias\\20230411_143126"/>
         <property name="logFiles" value="C:\\Users\\natalia.heit\\git\\KtlnNCDWeb\\Reports\\20230411_143121\\03-Transferencias\\Transferencias\\20230411_143126\\execution0.log"/>
         <property name="attachments" value="C:\\Users\\natalia.heit\\git\\KtlnNCDWeb\\Reports\\20230411_143121\\03-Transferencias\\Transferencias\\20230411_143126\\1681234490788.png, C:\\Users\\natalia.heit\\git\\KtlnNCDWeb\\Reports\\20230411_143121\\03-Transferencias\\Transferencias\\20230411_143126\\1681234585524.png, C:\\Users\\natalia.heit\\git\\KtlnNCDWeb\\Reports\\20230411_143121\\03-Transferencias\\Transferencias\\20230411_143126\\1681234674848.png"/>
         <property name="hostName" value="natalia.heit - AR-NB-490.tsoftglobal.com"/>
         <property name="os" value="Windows 10 64bit"/>
         <property name="katalonVersion" value="8.4.1.208"/>
         <property name="browser" value="Chrome 111.0.0.0"/>
         <property name="hostAddress" value="172.16.241.117"/>
         <property name="sessionId" value="bcc322f06a0b30e950e6ff140eaf43b0"/>
         <property name="seleniumVersion" value="3.141.59"/>
         <property name="proxyInformation" value="ProxyInformation { proxyOption=NO_PROXY, proxyServerType=HTTP, username=, password=********, proxyServerAddress=, proxyServerPort=0, executionList=&quot;&quot;, isApplyToDesiredCapabilities=true }"/>
         <property name="platform" value="Windows 10"/>
      </properties>
      <testcase name="Test Cases/04-Transferencias/TRF01-Transferencia Propias Credicoop Pesos POS" time="77.956" classname="Test Cases/04-Transferencias/TRF01-Transferencia Propias Credicoop Pesos POS" status="PASSED">
         <system-out><![CDATA[2023-04-11 14:33:32 - [TEST_CASE][PASSED] - Test Cases/04-Transferencias/TRF01-Transferencia Propias Credicoop Pesos POS: Test Cases/04-Transferencias/TRF01-Transferencia Propias Credicoop Pesos POS

2023-04-11 14:33:33 - [TEST_STEP][PASSED] - vValorMonto = "1": null

2023-04-11 14:33:33 - [TEST_STEP][PASSED] - vClaveBypass = "Testing3": null

2023-04-11 14:33:33 - [TEST_STEP][PASSED] - pkgUtilities.kwyUtility.Server("Internet"): pkgUtilities.kwyUtility.Server is PASSED

2023-04-11 14:33:37 - [MESSAGE][PASSED] - pkgUtilities.kwyUtility.Server is PASSED

2023-04-11 14:33:37 - [TEST_STEP][PASSED] - pkgUtilities.kwyUtility.Login(AdminDNI, AdminClave, AdminUsuario): pkgUtilities.kwyUtility.Login is PASSED

2023-04-11 14:33:38 - [MESSAGE][INFO] - Starting 'Chrome' driver

2023-04-11 14:33:38 - [MESSAGE][INFO] - Action delay is set to 0 milliseconds

2023-04-11 14:33:46 - [MESSAGE][PASSED] - Browser is opened with url: 'https://ncdtesting.bancocredicoop.coop/apps/NCDBC/#_frmLogin'

2023-04-11 14:33:46 - [MESSAGE][PASSED] - Current window maximized

2023-04-11 14:33:47 - [MESSAGE][PASSED] - Object 'Object Repository/01-Login/btnLgnCerrarBanner' is visible

2023-04-11 14:33:48 - [MESSAGE][PASSED] - Object: 'Object Repository/01-Login/btnLgnCerrarBanner' is clicked on

2023-04-11 14:33:49 - [MESSAGE][PASSED] - Text '20144835' is set on object 'Object Repository/01-Login/txtLgnDNI'

2023-04-11 14:33:50 - [MESSAGE][PASSED] - Text 'Testing3' is set on object 'Object Repository/01-Login/txtLgnClave'

2023-04-11 14:33:50 - [MESSAGE][PASSED] - Text 'edie02' is set on object 'Object Repository/01-Login/txtLgnUsuario'

2023-04-11 14:33:51 - [MESSAGE][PASSED] - Object: 'Object Repository/01-Login/btnLgnIngresar' is clicked on

2023-04-11 14:33:51 - [MESSAGE][PASSED] - pkgUtilities.kwyUtility.Login is PASSED

2023-04-11 14:33:51 - [TEST_STEP][PASSED] - verifyElementVisible(findTestObject("Object Repository/02-Dashboard/lnkDsbTransferencias")): Object 'Object Repository/02-Dashboard/lnkDsbTransferencias' is visible

2023-04-11 14:33:57 - [MESSAGE][PASSED] - Object 'Object Repository/02-Dashboard/lnkDsbTransferencias' is visible

2023-04-11 14:33:57 - [TEST_STEP][PASSED] - click(findTestObject("Object Repository/02-Dashboard/lnkDsbTransferencias")): Object: 'Object Repository/02-Dashboard/lnkDsbTransferencias' is clicked on

2023-04-11 14:33:58 - [MESSAGE][PASSED] - Object: 'Object Repository/02-Dashboard/lnkDsbTransferencias' is clicked on

2023-04-11 14:33:58 - [TEST_STEP][PASSED] - verifyElementVisible(findTestObject("Object Repository/04-Transferencias/02-Nueva Transferencia/btnTrfNuevaTransferenciaInicio")): Object 'Object Repository/04-Transferencias/02-Nueva Transferencia/btnTrfNuevaTransferenciaInicio' is visible

2023-04-11 14:34:01 - [MESSAGE][PASSED] - Object 'Object Repository/04-Transferencias/02-Nueva Transferencia/btnTrfNuevaTransferenciaInicio' is visible

2023-04-11 14:34:01 - [TEST_STEP][PASSED] - click(findTestObject("Object Repository/04-Transferencias/02-Nueva Transferencia/btnTrfNuevaTransferenciaInicio")): Object: 'Object Repository/04-Transferencias/02-Nueva Transferencia/btnTrfNuevaTransferenciaInicio' is clicked on

2023-04-11 14:34:01 - [MESSAGE][PASSED] - Object: 'Object Repository/04-Transferencias/02-Nueva Transferencia/btnTrfNuevaTransferenciaInicio' is clicked on

2023-04-11 14:34:01 - [TEST_STEP][PASSED] - verifyElementVisible(findTestObject("Object Repository/04-Transferencias/lblTrfMisCuentasCredicoop")): Object 'Object Repository/04-Transferencias/lblTrfMisCuentasCredicoop' is visible

2023-04-11 14:34:05 - [MESSAGE][PASSED] - Object 'Object Repository/04-Transferencias/lblTrfMisCuentasCredicoop' is visible

2023-04-11 14:34:05 - [TEST_STEP][PASSED] - click(findTestObject("Object Repository/04-Transferencias/lblTrfMisCuentasCredicoop")): Object: 'Object Repository/04-Transferencias/lblTrfMisCuentasCredicoop' is clicked on

2023-04-11 14:34:05 - [MESSAGE][PASSED] - Object: 'Object Repository/04-Transferencias/lblTrfMisCuentasCredicoop' is clicked on

2023-04-11 14:34:05 - [TEST_STEP][PASSED] - verifyElementVisible(findTestObject("Object Repository/04-Transferencias/lnkTrfCuentaPropiaPesos")): Object 'Object Repository/04-Transferencias/lnkTrfCuentaPropiaPesos' is visible

2023-04-11 14:34:06 - [MESSAGE][PASSED] - Object 'Object Repository/04-Transferencias/lnkTrfCuentaPropiaPesos' is visible

2023-04-11 14:34:06 - [TEST_STEP][PASSED] - click(findTestObject("Object Repository/04-Transferencias/lnkTrfCuentaPropiaPesos")): Object: 'Object Repository/04-Transferencias/lnkTrfCuentaPropiaPesos' is clicked on

2023-04-11 14:34:06 - [MESSAGE][PASSED] - Object: 'Object Repository/04-Transferencias/lnkTrfCuentaPropiaPesos' is clicked on

2023-04-11 14:34:06 - [TEST_STEP][PASSED] - verifyElementVisible(findTestObject("Object Repository/04-Transferencias/lblTrfMontoTituloFormulario")): Object 'Object Repository/04-Transferencias/lblTrfMontoTituloFormulario' is visible

2023-04-11 14:34:10 - [MESSAGE][PASSED] - Object 'Object Repository/04-Transferencias/lblTrfMontoTituloFormulario' is visible

2023-04-11 14:34:10 - [TEST_STEP][PASSED] - click(findTestObject("Object Repository/04-Transferencias/txtTrfMontoFormulario")): Object: 'Object Repository/04-Transferencias/txtTrfMontoFormulario' is clicked on

2023-04-11 14:34:10 - [MESSAGE][PASSED] - Object: 'Object Repository/04-Transferencias/txtTrfMontoFormulario' is clicked on

2023-04-11 14:34:10 - [TEST_STEP][PASSED] - sendKeys(findTestObject("Object Repository/04-Transferencias/txtTrfMontoFormulario"), vValorMonto): Keys '1' sent to object: 'Object Repository/04-Transferencias/txtTrfMontoFormulario'

2023-04-11 14:34:10 - [MESSAGE][PASSED] - Keys '1' sent to object: 'Object Repository/04-Transferencias/txtTrfMontoFormulario'

2023-04-11 14:34:10 - [TEST_STEP][PASSED] - click(findTestObject("Object Repository/04-Transferencias/lblTrfSeleccionTitularidadFormulario")): Object: 'Object Repository/04-Transferencias/lblTrfSeleccionTitularidadFormulario' is clicked on

2023-04-11 14:34:11 - [MESSAGE][PASSED] - Object: 'Object Repository/04-Transferencias/lblTrfSeleccionTitularidadFormulario' is clicked on

2023-04-11 14:34:11 - [TEST_STEP][PASSED] - click(findTestObject("Object Repository/04-Transferencias/lblTitularidadTextoFormulario")): Object: 'Object Repository/04-Transferencias/lblTitularidadTextoFormulario' is clicked on

2023-04-11 14:34:11 - [MESSAGE][PASSED] - Object: 'Object Repository/04-Transferencias/lblTitularidadTextoFormulario' is clicked on

2023-04-11 14:34:11 - [TEST_STEP][PASSED] - click(findTestObject("Object Repository/04-Transferencias/02-Nueva Transferencia/btnContinuarFormulario")): Object: 'Object Repository/04-Transferencias/02-Nueva Transferencia/btnContinuarFormulario' is clicked on

2023-04-11 14:34:12 - [MESSAGE][PASSED] - Object: 'Object Repository/04-Transferencias/02-Nueva Transferencia/btnContinuarFormulario' is clicked on

2023-04-11 14:34:12 - [TEST_STEP][PASSED] - click(findTestObject("Object Repository/04-Transferencias/02-Nueva Transferencia/btnTrfConfirmar")): Object: 'Object Repository/04-Transferencias/02-Nueva Transferencia/btnTrfConfirmar' is clicked on

2023-04-11 14:34:13 - [MESSAGE][PASSED] - Object: 'Object Repository/04-Transferencias/02-Nueva Transferencia/btnTrfConfirmar' is clicked on

2023-04-11 14:34:13 - [TEST_STEP][PASSED] - setText(findTestObject("Object Repository/04-Transferencias/txtTrfClaveBypass"), vClaveBypass): Text 'Testing3' is set on object 'Object Repository/04-Transferencias/txtTrfClaveBypass'

2023-04-11 14:34:14 - [MESSAGE][PASSED] - Text 'Testing3' is set on object 'Object Repository/04-Transferencias/txtTrfClaveBypass'

2023-04-11 14:34:14 - [TEST_STEP][PASSED] - click(findTestObject("Object Repository/04-Transferencias/02-Nueva Transferencia/btnTrfConfirmarBypass")): Object: 'Object Repository/04-Transferencias/02-Nueva Transferencia/btnTrfConfirmarBypass' is clicked on

2023-04-11 14:34:15 - [MESSAGE][PASSED] - Object: 'Object Repository/04-Transferencias/02-Nueva Transferencia/btnTrfConfirmarBypass' is clicked on

2023-04-11 14:34:15 - [TEST_STEP][PASSED] - verifyElementVisible(findTestObject("Object Repository/04-Transferencias/txtTrfBeneficiarioDestino")): Object 'Object Repository/04-Transferencias/txtTrfBeneficiarioDestino' is visible

2023-04-11 14:34:19 - [MESSAGE][PASSED] - Object 'Object Repository/04-Transferencias/txtTrfBeneficiarioDestino' is visible

2023-04-11 14:34:19 - [TEST_STEP][PASSED] - Start tear down : fPassScript: Error occurred when try to run method 'fPassScript' (Root cause: com.kms.katalon.core.exception.StepFailedException - com.kms.katalon.core.exception.StepFailedException: Unable to click on object 'Object Repository/02-Dashboard/lnkDsbSalir')

2023-04-11 14:34:19 - [TEST_STEP][FAILED] - pkgUtilities.kwyUtility.fPassStatus(): Unable to click on object 'Object Repository/02-Dashboard/lnkDsbSalir'

2023-04-11 14:34:50 - [MESSAGE][INFO] - Unable to find the element located by 'By.xpath: //div[@id='frmAccountsLanding_customhamburger_LogOutlblAccounts']'. Please recheck the objects properties to make sure the desired element is located. 

2023-04-11 14:34:50 - [MESSAGE][FAILED] - Unable to click on object 'Object Repository/02-Dashboard/lnkDsbSalir' (Root cause: com.kms.katalon.core.exception.StepFailedException: Unable to click on object 'Object Repository/02-Dashboard/lnkDsbSalir'
	at com.kms.katalon.core.webui.keyword.internal.WebUIKeywordMain.stepFailed(WebUIKeywordMain.groovy:64)
	at com.kms.katalon.core.webui.keyword.internal.WebUIKeywordMain.runKeyword(WebUIKeywordMain.groovy:26)
	at com.kms.katalon.core.webui.keyword.builtin.ClickKeyword.click(ClickKeyword.groovy:74)
	at com.kms.katalon.core.webui.keyword.builtin.ClickKeyword.execute(ClickKeyword.groovy:40)
	at com.kms.katalon.core.keyword.internal.KeywordExecutor.executeKeywordForPlatform(KeywordExecutor.groovy:74)
	at com.kms.katalon.core.webui.keyword.WebUiBuiltInKeywords.click(WebUiBuiltInKeywords.groovy:620)
	at com.kms.katalon.core.webui.keyword.WebUiBuiltInKeywords$click$2.call(Unknown Source)
	at pkgUtilities.kwyUtility.fPassStatus(kwyUtility.groovy:216)
	at pkgUtilities.kwyUtility.invokeMethod(kwyUtility.groovy)
	at com.kms.katalon.core.main.CustomKeywordDelegatingMetaClass.invokeStaticMethod(CustomKeywordDelegatingMetaClass.java:55)
	at TRF01-Transferencia Propias Credicoop Pesos POS.fPassScript(TRF01-Transferencia Propias Credicoop Pesos POS:83)
	at com.kms.katalon.core.main.ScriptEngine.runScriptMethodAsRawText(ScriptEngine.java:133)
	at com.kms.katalon.core.main.TestCaseExecutor.runMethod(TestCaseExecutor.java:458)
	at com.kms.katalon.core.main.TestCaseExecutor.runMethod(TestCaseExecutor.java:580)
	at com.kms.katalon.core.main.TestCaseExecutor.internallyRunMethods(TestCaseExecutor.java:565)
	at com.kms.katalon.core.main.TestCaseExecutor.onExecutionComplete(TestCaseExecutor.java:135)
	at com.kms.katalon.core.main.TestCaseExecutor.processExecutionPhase(TestCaseExecutor.java:430)
	at com.kms.katalon.core.main.TestCaseExecutor.accessMainPhase(TestCaseExecutor.java:410)
	at com.kms.katalon.core.main.TestCaseExecutor.execute(TestCaseExecutor.java:285)
	at com.kms.katalon.core.common.CommonExecutor.accessTestCaseMainPhase(CommonExecutor.java:65)
	at com.kms.katalon.core.main.TestSuiteExecutor.accessTestSuiteMainPhase(TestSuiteExecutor.java:144)
	at com.kms.katalon.core.main.TestSuiteExecutor.execute(TestSuiteExecutor.java:106)
	at com.kms.katalon.core.main.TestCaseMain.startTestSuite(TestCaseMain.java:185)
	at com.kms.katalon.core.main.TestCaseMain$startTestSuite$0.call(Unknown Source)
	at TempTestSuite1681234286297.run(TempTestSuite1681234286297.groovy:36)
Caused by: com.kms.katalon.core.webui.exception.WebElementNotFoundException: Web element with id: 'Object Repository/02-Dashboard/lnkDsbSalir' located by '//div[@id='frmAccountsLanding_customhamburger_LogOutlblAccounts']' not found
	at com.kms.katalon.core.webui.common.WebUiCommonHelper.findWebElement(WebUiCommonHelper.java:1370)
	at com.kms.katalon.core.webui.keyword.internal.WebUIAbstractKeyword.findWebElement(WebUIAbstractKeyword.groovy:27)
	at com.kms.katalon.core.webui.keyword.builtin.ClickKeyword$_click_closure1.doCall(ClickKeyword.groovy:65)
	at com.kms.katalon.core.webui.keyword.builtin.ClickKeyword$_click_closure1.call(ClickKeyword.groovy)
	at com.kms.katalon.core.webui.keyword.internal.WebUIKeywordMain.runKeyword(WebUIKeywordMain.groovy:20)
	at com.kms.katalon.core.webui.keyword.builtin.ClickKeyword.click(ClickKeyword.groovy:74)
	at com.kms.katalon.core.webui.keyword.builtin.ClickKeyword.execute(ClickKeyword.groovy:40)
	at com.kms.katalon.core.keyword.internal.KeywordExecutor.executeKeywordForPlatform(KeywordExecutor.groovy:74)
	at com.kms.katalon.core.webui.keyword.WebUiBuiltInKeywords.click(WebUiBuiltInKeywords.groovy:620)
	at com.kms.katalon.core.webui.keyword.WebUiBuiltInKeywords$click$2.call(Unknown Source)
	at pkgUtilities.kwyUtility.fPassStatus(kwyUtility.groovy:216)
	at pkgUtilities.kwyUtility.invokeMethod(kwyUtility.groovy)
	at com.kms.katalon.core.main.CustomKeywordDelegatingMetaClass.invokeStaticMethod(CustomKeywordDelegatingMetaClass.java:55)
	at Script1680003961363.fPassScript(Script1680003961363.groovy:83)
	... 14 more
)
[[ATTACHMENT|C:\\Users\\natalia.heit\\git\\KtlnNCDWeb\\Reports\\20230411_143121\\03-Transferencias\\Transferencias\\20230411_143126\\1681234490788.png]]

2023-04-11 14:34:50 - [MESSAGE][FAILED] - Unable to click on object 'Object Repository/02-Dashboard/lnkDsbSalir'

2023-04-11 14:34:50 - [MESSAGE][WARNING] - Error occurred when try to run method 'fPassScript' (Root cause: com.kms.katalon.core.exception.StepFailedException - com.kms.katalon.core.exception.StepFailedException: Unable to click on object 'Object Repository/02-Dashboard/lnkDsbSalir')]]></system-out>
         <system-err><![CDATA[]]></system-err>
      </testcase>
      <testcase name="Test Cases/04-Transferencias/TRF02-Transferencia Propias Credicoop Dolares POS" time="94.691" classname="Test Cases/04-Transferencias/TRF02-Transferencia Propias Credicoop Dolares POS" status="PASSED">
         <system-out><![CDATA[2023-04-11 14:34:50 - [TEST_CASE][PASSED] - Test Cases/04-Transferencias/TRF02-Transferencia Propias Credicoop Dolares POS: Test Cases/04-Transferencias/TRF02-Transferencia Propias Credicoop Dolares POS

2023-04-11 14:34:51 - [TEST_STEP][PASSED] - vValorMonto = "1": null

2023-04-11 14:34:51 - [TEST_STEP][PASSED] - vClaveBypass = "Testing8": null

2023-04-11 14:34:51 - [TEST_STEP][PASSED] - pkgUtilities.kwyUtility.Server("Internet"): pkgUtilities.kwyUtility.Server is PASSED

2023-04-11 14:34:53 - [MESSAGE][PASSED] - pkgUtilities.kwyUtility.Server is PASSED

2023-04-11 14:34:53 - [TEST_STEP][PASSED] - pkgUtilities.kwyUtility.Login(Cliente1DNI, Cliente1Clave, Cliente1Usuario): pkgUtilities.kwyUtility.Login is PASSED

2023-04-11 14:34:53 - [MESSAGE][WARNING] - A browser is already opened. Closing browser and opening a new one

2023-04-11 14:34:54 - [MESSAGE][INFO] - Starting 'Chrome' driver

2023-04-11 14:34:54 - [MESSAGE][INFO] - Action delay is set to 0 milliseconds

2023-04-11 14:35:00 - [MESSAGE][PASSED] - Browser is opened with url: 'https://ncdtesting.bancocredicoop.coop/apps/NCDBC/#_frmLogin'

2023-04-11 14:35:00 - [MESSAGE][PASSED] - Current window maximized

2023-04-11 14:35:01 - [MESSAGE][PASSED] - Object 'Object Repository/01-Login/btnLgnCerrarBanner' is visible

2023-04-11 14:35:01 - [MESSAGE][PASSED] - Object: 'Object Repository/01-Login/btnLgnCerrarBanner' is clicked on

2023-04-11 14:35:02 - [MESSAGE][PASSED] - Text '13976407' is set on object 'Object Repository/01-Login/txtLgnDNI'

2023-04-11 14:35:03 - [MESSAGE][PASSED] - Text 'Testing8' is set on object 'Object Repository/01-Login/txtLgnClave'

2023-04-11 14:35:04 - [MESSAGE][PASSED] - Text 'ale13' is set on object 'Object Repository/01-Login/txtLgnUsuario'

2023-04-11 14:35:05 - [MESSAGE][PASSED] - Object: 'Object Repository/01-Login/btnLgnIngresar' is clicked on

2023-04-11 14:35:05 - [MESSAGE][PASSED] - pkgUtilities.kwyUtility.Login is PASSED

2023-04-11 14:35:05 - [TEST_STEP][PASSED] - verifyElementVisible(findTestObject("Object Repository/02-Dashboard/lnkDsbTransferencias")): Object 'Object Repository/02-Dashboard/lnkDsbTransferencias' is visible

2023-04-11 14:35:29 - [MESSAGE][PASSED] - Object 'Object Repository/02-Dashboard/lnkDsbTransferencias' is visible

2023-04-11 14:35:29 - [TEST_STEP][PASSED] - click(findTestObject("Object Repository/02-Dashboard/lnkDsbTransferencias")): Object: 'Object Repository/02-Dashboard/lnkDsbTransferencias' is clicked on

2023-04-11 14:35:29 - [MESSAGE][PASSED] - Object: 'Object Repository/02-Dashboard/lnkDsbTransferencias' is clicked on

2023-04-11 14:35:29 - [TEST_STEP][PASSED] - verifyElementVisible(findTestObject("Object Repository/04-Transferencias/02-Nueva Transferencia/btnTrfNuevaTransferenciaInicio")): Object 'Object Repository/04-Transferencias/02-Nueva Transferencia/btnTrfNuevaTransferenciaInicio' is visible

2023-04-11 14:35:32 - [MESSAGE][PASSED] - Object 'Object Repository/04-Transferencias/02-Nueva Transferencia/btnTrfNuevaTransferenciaInicio' is visible

2023-04-11 14:35:32 - [TEST_STEP][PASSED] - click(findTestObject("Object Repository/04-Transferencias/02-Nueva Transferencia/btnTrfNuevaTransferenciaInicio")): Object: 'Object Repository/04-Transferencias/02-Nueva Transferencia/btnTrfNuevaTransferenciaInicio' is clicked on

2023-04-11 14:35:33 - [MESSAGE][PASSED] - Object: 'Object Repository/04-Transferencias/02-Nueva Transferencia/btnTrfNuevaTransferenciaInicio' is clicked on

2023-04-11 14:35:33 - [TEST_STEP][PASSED] - verifyElementVisible(findTestObject("Object Repository/04-Transferencias/lblTrfMisCuentasCredicoop")): Object 'Object Repository/04-Transferencias/lblTrfMisCuentasCredicoop' is visible

2023-04-11 14:35:36 - [MESSAGE][PASSED] - Object 'Object Repository/04-Transferencias/lblTrfMisCuentasCredicoop' is visible

2023-04-11 14:35:36 - [TEST_STEP][PASSED] - click(findTestObject("Object Repository/04-Transferencias/lblTrfMisCuentasCredicoop")): Object: 'Object Repository/04-Transferencias/lblTrfMisCuentasCredicoop' is clicked on

2023-04-11 14:35:36 - [MESSAGE][PASSED] - Object: 'Object Repository/04-Transferencias/lblTrfMisCuentasCredicoop' is clicked on

2023-04-11 14:35:36 - [TEST_STEP][PASSED] - verifyElementVisible(findTestObject("Object Repository/04-Transferencias/lnkTrfCuentaPropiaDolares")): Object 'Object Repository/04-Transferencias/lnkTrfCuentaPropiaDolares' is visible

2023-04-11 14:35:37 - [MESSAGE][PASSED] - Object 'Object Repository/04-Transferencias/lnkTrfCuentaPropiaDolares' is visible

2023-04-11 14:35:37 - [TEST_STEP][PASSED] - click(findTestObject("Object Repository/04-Transferencias/lnkTrfCuentaPropiaDolares")): Object: 'Object Repository/04-Transferencias/lnkTrfCuentaPropiaDolares' is clicked on

2023-04-11 14:35:37 - [MESSAGE][PASSED] - Object: 'Object Repository/04-Transferencias/lnkTrfCuentaPropiaDolares' is clicked on

2023-04-11 14:35:37 - [TEST_STEP][PASSED] - verifyElementVisible(findTestObject("Object Repository/04-Transferencias/lblTrfMontoTituloFormulario")): Object 'Object Repository/04-Transferencias/lblTrfMontoTituloFormulario' is visible

2023-04-11 14:35:41 - [MESSAGE][PASSED] - Object 'Object Repository/04-Transferencias/lblTrfMontoTituloFormulario' is visible

2023-04-11 14:35:41 - [TEST_STEP][PASSED] - click(findTestObject("Object Repository/04-Transferencias/txtTrfMontoFormulario")): Object: 'Object Repository/04-Transferencias/txtTrfMontoFormulario' is clicked on

2023-04-11 14:35:41 - [MESSAGE][PASSED] - Object: 'Object Repository/04-Transferencias/txtTrfMontoFormulario' is clicked on

2023-04-11 14:35:41 - [TEST_STEP][PASSED] - sendKeys(findTestObject("Object Repository/04-Transferencias/txtTrfMontoFormulario"), vValorMonto): Keys '1' sent to object: 'Object Repository/04-Transferencias/txtTrfMontoFormulario'

2023-04-11 14:35:42 - [MESSAGE][PASSED] - Keys '1' sent to object: 'Object Repository/04-Transferencias/txtTrfMontoFormulario'

2023-04-11 14:35:42 - [TEST_STEP][PASSED] - click(findTestObject("Object Repository/04-Transferencias/lblTrfSeleccionTitularidadFormulario")): Object: 'Object Repository/04-Transferencias/lblTrfSeleccionTitularidadFormulario' is clicked on

2023-04-11 14:35:42 - [MESSAGE][PASSED] - Object: 'Object Repository/04-Transferencias/lblTrfSeleccionTitularidadFormulario' is clicked on

2023-04-11 14:35:42 - [TEST_STEP][PASSED] - click(findTestObject("Object Repository/04-Transferencias/lblTitularidadTextoFormulario")): Object: 'Object Repository/04-Transferencias/lblTitularidadTextoFormulario' is clicked on

2023-04-11 14:35:42 - [MESSAGE][PASSED] - Object: 'Object Repository/04-Transferencias/lblTitularidadTextoFormulario' is clicked on

2023-04-11 14:35:42 - [TEST_STEP][PASSED] - click(findTestObject("Object Repository/04-Transferencias/02-Nueva Transferencia/btnContinuarFormulario")): Object: 'Object Repository/04-Transferencias/02-Nueva Transferencia/btnContinuarFormulario' is clicked on

2023-04-11 14:35:43 - [MESSAGE][PASSED] - Object: 'Object Repository/04-Transferencias/02-Nueva Transferencia/btnContinuarFormulario' is clicked on

2023-04-11 14:35:43 - [TEST_STEP][PASSED] - click(findTestObject("Object Repository/04-Transferencias/02-Nueva Transferencia/btnTrfConfirmar")): Object: 'Object Repository/04-Transferencias/02-Nueva Transferencia/btnTrfConfirmar' is clicked on

2023-04-11 14:35:45 - [MESSAGE][PASSED] - Object: 'Object Repository/04-Transferencias/02-Nueva Transferencia/btnTrfConfirmar' is clicked on

2023-04-11 14:35:45 - [TEST_STEP][PASSED] - setText(findTestObject("Object Repository/04-Transferencias/txtTrfClaveBypass"), vClaveBypass): Text 'Testing8' is set on object 'Object Repository/04-Transferencias/txtTrfClaveBypass'

2023-04-11 14:35:45 - [MESSAGE][PASSED] - Text 'Testing8' is set on object 'Object Repository/04-Transferencias/txtTrfClaveBypass'

2023-04-11 14:35:45 - [TEST_STEP][PASSED] - click(findTestObject("Object Repository/04-Transferencias/02-Nueva Transferencia/btnTrfConfirmarBypass")): Object: 'Object Repository/04-Transferencias/02-Nueva Transferencia/btnTrfConfirmarBypass' is clicked on

2023-04-11 14:35:46 - [MESSAGE][PASSED] - Object: 'Object Repository/04-Transferencias/02-Nueva Transferencia/btnTrfConfirmarBypass' is clicked on

2023-04-11 14:35:46 - [TEST_STEP][PASSED] - verifyElementVisible(findTestObject("Object Repository/04-Transferencias/txtTrfBeneficiarioDestino")): Object 'Object Repository/04-Transferencias/txtTrfBeneficiarioDestino' is visible

2023-04-11 14:35:54 - [MESSAGE][PASSED] - Object 'Object Repository/04-Transferencias/txtTrfBeneficiarioDestino' is visible

2023-04-11 14:35:54 - [TEST_STEP][PASSED] - Start tear down : fPassScript: Error occurred when try to run method 'fPassScript' (Root cause: com.kms.katalon.core.exception.StepFailedException - com.kms.katalon.core.exception.StepFailedException: Unable to click on object 'Object Repository/02-Dashboard/lnkDsbSalir')

2023-04-11 14:35:54 - [TEST_STEP][FAILED] - pkgUtilities.kwyUtility.fPassStatus(): Unable to click on object 'Object Repository/02-Dashboard/lnkDsbSalir'

2023-04-11 14:36:25 - [MESSAGE][INFO] - Unable to find the element located by 'By.xpath: //div[@id='frmAccountsLanding_customhamburger_LogOutlblAccounts']'. Please recheck the objects properties to make sure the desired element is located. 

2023-04-11 14:36:25 - [MESSAGE][FAILED] - Unable to click on object 'Object Repository/02-Dashboard/lnkDsbSalir' (Root cause: com.kms.katalon.core.exception.StepFailedException: Unable to click on object 'Object Repository/02-Dashboard/lnkDsbSalir'
	at com.kms.katalon.core.webui.keyword.internal.WebUIKeywordMain.stepFailed(WebUIKeywordMain.groovy:64)
	at com.kms.katalon.core.webui.keyword.internal.WebUIKeywordMain.runKeyword(WebUIKeywordMain.groovy:26)
	at com.kms.katalon.core.webui.keyword.builtin.ClickKeyword.click(ClickKeyword.groovy:74)
	at com.kms.katalon.core.webui.keyword.builtin.ClickKeyword.execute(ClickKeyword.groovy:40)
	at com.kms.katalon.core.keyword.internal.KeywordExecutor.executeKeywordForPlatform(KeywordExecutor.groovy:74)
	at com.kms.katalon.core.webui.keyword.WebUiBuiltInKeywords.click(WebUiBuiltInKeywords.groovy:620)
	at com.kms.katalon.core.webui.keyword.WebUiBuiltInKeywords$click$2.call(Unknown Source)
	at pkgUtilities.kwyUtility.fPassStatus(kwyUtility.groovy:216)
	at pkgUtilities.kwyUtility.invokeMethod(kwyUtility.groovy)
	at com.kms.katalon.core.main.CustomKeywordDelegatingMetaClass.invokeStaticMethod(CustomKeywordDelegatingMetaClass.java:55)
	at TRF02-Transferencia Propias Credicoop Dolares POS.fPassScript(TRF02-Transferencia Propias Credicoop Dolares POS:83)
	at com.kms.katalon.core.main.ScriptEngine.runScriptMethodAsRawText(ScriptEngine.java:133)
	at com.kms.katalon.core.main.TestCaseExecutor.runMethod(TestCaseExecutor.java:458)
	at com.kms.katalon.core.main.TestCaseExecutor.runMethod(TestCaseExecutor.java:580)
	at com.kms.katalon.core.main.TestCaseExecutor.internallyRunMethods(TestCaseExecutor.java:565)
	at com.kms.katalon.core.main.TestCaseExecutor.onExecutionComplete(TestCaseExecutor.java:135)
	at com.kms.katalon.core.main.TestCaseExecutor.processExecutionPhase(TestCaseExecutor.java:430)
	at com.kms.katalon.core.main.TestCaseExecutor.accessMainPhase(TestCaseExecutor.java:410)
	at com.kms.katalon.core.main.TestCaseExecutor.execute(TestCaseExecutor.java:285)
	at com.kms.katalon.core.common.CommonExecutor.accessTestCaseMainPhase(CommonExecutor.java:65)
	at com.kms.katalon.core.main.TestSuiteExecutor.accessTestSuiteMainPhase(TestSuiteExecutor.java:144)
	at com.kms.katalon.core.main.TestSuiteExecutor.execute(TestSuiteExecutor.java:106)
	at com.kms.katalon.core.main.TestCaseMain.startTestSuite(TestCaseMain.java:185)
	at com.kms.katalon.core.main.TestCaseMain$startTestSuite$0.call(Unknown Source)
	at TempTestSuite1681234286297.run(TempTestSuite1681234286297.groovy:36)
Caused by: com.kms.katalon.core.webui.exception.WebElementNotFoundException: Web element with id: 'Object Repository/02-Dashboard/lnkDsbSalir' located by '//div[@id='frmAccountsLanding_customhamburger_LogOutlblAccounts']' not found
	at com.kms.katalon.core.webui.common.WebUiCommonHelper.findWebElement(WebUiCommonHelper.java:1370)
	at com.kms.katalon.core.webui.keyword.internal.WebUIAbstractKeyword.findWebElement(WebUIAbstractKeyword.groovy:27)
	at com.kms.katalon.core.webui.keyword.builtin.ClickKeyword$_click_closure1.doCall(ClickKeyword.groovy:65)
	at com.kms.katalon.core.webui.keyword.builtin.ClickKeyword$_click_closure1.call(ClickKeyword.groovy)
	at com.kms.katalon.core.webui.keyword.internal.WebUIKeywordMain.runKeyword(WebUIKeywordMain.groovy:20)
	at com.kms.katalon.core.webui.keyword.builtin.ClickKeyword.click(ClickKeyword.groovy:74)
	at com.kms.katalon.core.webui.keyword.builtin.ClickKeyword.execute(ClickKeyword.groovy:40)
	at com.kms.katalon.core.keyword.internal.KeywordExecutor.executeKeywordForPlatform(KeywordExecutor.groovy:74)
	at com.kms.katalon.core.webui.keyword.WebUiBuiltInKeywords.click(WebUiBuiltInKeywords.groovy:620)
	at com.kms.katalon.core.webui.keyword.WebUiBuiltInKeywords$click$2.call(Unknown Source)
	at pkgUtilities.kwyUtility.fPassStatus(kwyUtility.groovy:216)
	at pkgUtilities.kwyUtility.invokeMethod(kwyUtility.groovy)
	at com.kms.katalon.core.main.CustomKeywordDelegatingMetaClass.invokeStaticMethod(CustomKeywordDelegatingMetaClass.java:55)
	at Script1680088121730.fPassScript(Script1680088121730.groovy:83)
	... 14 more
)
[[ATTACHMENT|C:\\Users\\natalia.heit\\git\\KtlnNCDWeb\\Reports\\20230411_143121\\03-Transferencias\\Transferencias\\20230411_143126\\1681234585524.png]]

2023-04-11 14:36:25 - [MESSAGE][FAILED] - Unable to click on object 'Object Repository/02-Dashboard/lnkDsbSalir'

2023-04-11 14:36:25 - [MESSAGE][WARNING] - Error occurred when try to run method 'fPassScript' (Root cause: com.kms.katalon.core.exception.StepFailedException - com.kms.katalon.core.exception.StepFailedException: Unable to click on object 'Object Repository/02-Dashboard/lnkDsbSalir')]]></system-out>
         <system-err><![CDATA[]]></system-err>
      </testcase>
      <testcase name="Test Cases/04-Transferencias/TRF03-Transferencia Terceros Credicoop Pesos POS" time="89.309" classname="Test Cases/04-Transferencias/TRF03-Transferencia Terceros Credicoop Pesos POS" status="PASSED">
         <system-out><![CDATA[2023-04-11 14:36:25 - [TEST_CASE][PASSED] - Test Cases/04-Transferencias/TRF03-Transferencia Terceros Credicoop Pesos POS: Test Cases/04-Transferencias/TRF03-Transferencia Terceros Credicoop Pesos POS

2023-04-11 14:36:26 - [TEST_STEP][PASSED] - vTipoTrf = "Terceros": null

2023-04-11 14:36:26 - [TEST_STEP][PASSED] - vValorMonto = "1": null

2023-04-11 14:36:26 - [TEST_STEP][PASSED] - vClaveBypass = "Testing8": null

2023-04-11 14:36:26 - [TEST_STEP][PASSED] - pkgUtilities.kwyUtility.Server("Internet"): pkgUtilities.kwyUtility.Server is PASSED

2023-04-11 14:36:27 - [MESSAGE][PASSED] - pkgUtilities.kwyUtility.Server is PASSED

2023-04-11 14:36:27 - [TEST_STEP][PASSED] - pkgUtilities.kwyUtility.Login(Cliente1DNI, Cliente1Clave, Cliente1Usuario): pkgUtilities.kwyUtility.Login is PASSED

2023-04-11 14:36:27 - [MESSAGE][WARNING] - A browser is already opened. Closing browser and opening a new one

2023-04-11 14:36:28 - [MESSAGE][INFO] - Starting 'Chrome' driver

2023-04-11 14:36:28 - [MESSAGE][INFO] - Action delay is set to 0 milliseconds

2023-04-11 14:36:34 - [MESSAGE][PASSED] - Browser is opened with url: 'https://ncdtesting.bancocredicoop.coop/apps/NCDBC/#_frmLogin'

2023-04-11 14:36:34 - [MESSAGE][PASSED] - Current window maximized

2023-04-11 14:36:35 - [MESSAGE][PASSED] - Object 'Object Repository/01-Login/btnLgnCerrarBanner' is visible

2023-04-11 14:36:35 - [MESSAGE][PASSED] - Object: 'Object Repository/01-Login/btnLgnCerrarBanner' is clicked on

2023-04-11 14:36:36 - [MESSAGE][PASSED] - Text '13976407' is set on object 'Object Repository/01-Login/txtLgnDNI'

2023-04-11 14:36:37 - [MESSAGE][PASSED] - Text 'Testing8' is set on object 'Object Repository/01-Login/txtLgnClave'

2023-04-11 14:36:38 - [MESSAGE][PASSED] - Text 'ale13' is set on object 'Object Repository/01-Login/txtLgnUsuario'

2023-04-11 14:36:38 - [MESSAGE][PASSED] - Object: 'Object Repository/01-Login/btnLgnIngresar' is clicked on

2023-04-11 14:36:38 - [MESSAGE][PASSED] - pkgUtilities.kwyUtility.Login is PASSED

2023-04-11 14:36:38 - [TEST_STEP][PASSED] - verifyElementVisible(findTestObject("Object Repository/02-Dashboard/lnkDsbTransferencias")): Object 'Object Repository/02-Dashboard/lnkDsbTransferencias' is visible

2023-04-11 14:37:00 - [MESSAGE][PASSED] - Object 'Object Repository/02-Dashboard/lnkDsbTransferencias' is visible

2023-04-11 14:37:00 - [TEST_STEP][PASSED] - click(findTestObject("Object Repository/02-Dashboard/lnkDsbTransferencias")): Object: 'Object Repository/02-Dashboard/lnkDsbTransferencias' is clicked on

2023-04-11 14:37:01 - [MESSAGE][PASSED] - Object: 'Object Repository/02-Dashboard/lnkDsbTransferencias' is clicked on

2023-04-11 14:37:01 - [TEST_STEP][PASSED] - verifyElementVisible(findTestObject("Object Repository/04-Transferencias/03-Nuevo Beneficiario/lnkTrfAgendaBeneficiario")): Object 'Object Repository/04-Transferencias/03-Nuevo Beneficiario/lnkTrfAgendaBeneficiario' is visible

2023-04-11 14:37:04 - [MESSAGE][PASSED] - Object 'Object Repository/04-Transferencias/03-Nuevo Beneficiario/lnkTrfAgendaBeneficiario' is visible

2023-04-11 14:37:04 - [TEST_STEP][PASSED] - click(findTestObject("Object Repository/04-Transferencias/03-Nuevo Beneficiario/lnkTrfAgendaBeneficiario")): Object: 'Object Repository/04-Transferencias/03-Nuevo Beneficiario/lnkTrfAgendaBeneficiario' is clicked on

2023-04-11 14:37:04 - [MESSAGE][PASSED] - Object: 'Object Repository/04-Transferencias/03-Nuevo Beneficiario/lnkTrfAgendaBeneficiario' is clicked on

2023-04-11 14:37:04 - [TEST_STEP][PASSED] - setText(findTestObject("Object Repository/04-Transferencias/03-Nuevo Beneficiario/txtTrfBuscarBeneficiarioTipo"), vTipoTrf): Text 'Terceros' is set on object 'Object Repository/04-Transferencias/03-Nuevo Beneficiario/txtTrfBuscarBeneficiarioTipo'

2023-04-11 14:37:07 - [MESSAGE][PASSED] - Text 'Terceros' is set on object 'Object Repository/04-Transferencias/03-Nuevo Beneficiario/txtTrfBuscarBeneficiarioTipo'

2023-04-11 14:37:07 - [TEST_STEP][PASSED] - click(findTestObject("Object Repository/04-Transferencias/lnkTrfCuentaBenefTercerosPesos")): Object: 'Object Repository/04-Transferencias/lnkTrfCuentaBenefTercerosPesos' is clicked on

2023-04-11 14:37:09 - [MESSAGE][PASSED] - Object: 'Object Repository/04-Transferencias/lnkTrfCuentaBenefTercerosPesos' is clicked on

2023-04-11 14:37:09 - [TEST_STEP][PASSED] - click(findTestObject("Object Repository/04-Transferencias/lnkTrfIniciarTransferenciaBeneficiario")): Object: 'Object Repository/04-Transferencias/lnkTrfIniciarTransferenciaBeneficiario' is clicked on

2023-04-11 14:37:10 - [MESSAGE][PASSED] - Object: 'Object Repository/04-Transferencias/lnkTrfIniciarTransferenciaBeneficiario' is clicked on

2023-04-11 14:37:10 - [TEST_STEP][PASSED] - verifyElementVisible(findTestObject("Object Repository/04-Transferencias/lblTrfMontoTituloFormulario")): Object 'Object Repository/04-Transferencias/lblTrfMontoTituloFormulario' is visible

2023-04-11 14:37:13 - [MESSAGE][PASSED] - Object 'Object Repository/04-Transferencias/lblTrfMontoTituloFormulario' is visible

2023-04-11 14:37:13 - [TEST_STEP][PASSED] - click(findTestObject("Object Repository/04-Transferencias/txtTrfMontoFormulario")): Object: 'Object Repository/04-Transferencias/txtTrfMontoFormulario' is clicked on

2023-04-11 14:37:14 - [MESSAGE][PASSED] - Object: 'Object Repository/04-Transferencias/txtTrfMontoFormulario' is clicked on

2023-04-11 14:37:14 - [TEST_STEP][PASSED] - sendKeys(findTestObject("Object Repository/04-Transferencias/txtTrfMontoFormulario"), vValorMonto): Keys '1' sent to object: 'Object Repository/04-Transferencias/txtTrfMontoFormulario'

2023-04-11 14:37:14 - [MESSAGE][PASSED] - Keys '1' sent to object: 'Object Repository/04-Transferencias/txtTrfMontoFormulario'

2023-04-11 14:37:14 - [TEST_STEP][PASSED] - click(findTestObject("Object Repository/04-Transferencias/lblTrfSeleccionTitularidadFormulario")): Object: 'Object Repository/04-Transferencias/lblTrfSeleccionTitularidadFormulario' is clicked on

2023-04-11 14:37:14 - [MESSAGE][PASSED] - Object: 'Object Repository/04-Transferencias/lblTrfSeleccionTitularidadFormulario' is clicked on

2023-04-11 14:37:14 - [TEST_STEP][PASSED] - click(findTestObject("Object Repository/04-Transferencias/lblTitularidadTextoFormulario")): Object: 'Object Repository/04-Transferencias/lblTitularidadTextoFormulario' is clicked on

2023-04-11 14:37:15 - [MESSAGE][PASSED] - Object: 'Object Repository/04-Transferencias/lblTitularidadTextoFormulario' is clicked on

2023-04-11 14:37:15 - [TEST_STEP][PASSED] - click(findTestObject("Object Repository/04-Transferencias/02-Nueva Transferencia/btnContinuarFormulario")): Object: 'Object Repository/04-Transferencias/02-Nueva Transferencia/btnContinuarFormulario' is clicked on

2023-04-11 14:37:15 - [MESSAGE][PASSED] - Object: 'Object Repository/04-Transferencias/02-Nueva Transferencia/btnContinuarFormulario' is clicked on

2023-04-11 14:37:15 - [TEST_STEP][PASSED] - click(findTestObject("Object Repository/04-Transferencias/02-Nueva Transferencia/btnTrfConfirmar")): Object: 'Object Repository/04-Transferencias/02-Nueva Transferencia/btnTrfConfirmar' is clicked on

2023-04-11 14:37:17 - [MESSAGE][PASSED] - Object: 'Object Repository/04-Transferencias/02-Nueva Transferencia/btnTrfConfirmar' is clicked on

2023-04-11 14:37:17 - [TEST_STEP][PASSED] - setText(findTestObject("Object Repository/04-Transferencias/txtTrfClaveBypass"), vClaveBypass): Text 'Testing8' is set on object 'Object Repository/04-Transferencias/txtTrfClaveBypass'

2023-04-11 14:37:18 - [MESSAGE][PASSED] - Text 'Testing8' is set on object 'Object Repository/04-Transferencias/txtTrfClaveBypass'

2023-04-11 14:37:18 - [TEST_STEP][PASSED] - click(findTestObject("Object Repository/04-Transferencias/02-Nueva Transferencia/btnTrfConfirmarBypass")): Object: 'Object Repository/04-Transferencias/02-Nueva Transferencia/btnTrfConfirmarBypass' is clicked on

2023-04-11 14:37:18 - [MESSAGE][PASSED] - Object: 'Object Repository/04-Transferencias/02-Nueva Transferencia/btnTrfConfirmarBypass' is clicked on

2023-04-11 14:37:18 - [TEST_STEP][PASSED] - verifyElementVisible(findTestObject("Object Repository/04-Transferencias/txtTrfBeneficiarioDestino")): Object 'Object Repository/04-Transferencias/txtTrfBeneficiarioDestino' is visible

2023-04-11 14:37:23 - [MESSAGE][PASSED] - Object 'Object Repository/04-Transferencias/txtTrfBeneficiarioDestino' is visible

2023-04-11 14:37:23 - [TEST_STEP][PASSED] - Start tear down : fPassScript: Error occurred when try to run method 'fPassScript' (Root cause: com.kms.katalon.core.exception.StepFailedException - com.kms.katalon.core.exception.StepFailedException: Unable to click on object 'Object Repository/02-Dashboard/lnkDsbSalir')

2023-04-11 14:37:23 - [TEST_STEP][FAILED] - pkgUtilities.kwyUtility.fPassStatus(): Unable to click on object 'Object Repository/02-Dashboard/lnkDsbSalir'

2023-04-11 14:37:54 - [MESSAGE][INFO] - Unable to find the element located by 'By.xpath: //div[@id='frmAccountsLanding_customhamburger_LogOutlblAccounts']'. Please recheck the objects properties to make sure the desired element is located. 

2023-04-11 14:37:54 - [MESSAGE][FAILED] - Unable to click on object 'Object Repository/02-Dashboard/lnkDsbSalir' (Root cause: com.kms.katalon.core.exception.StepFailedException: Unable to click on object 'Object Repository/02-Dashboard/lnkDsbSalir'
	at com.kms.katalon.core.webui.keyword.internal.WebUIKeywordMain.stepFailed(WebUIKeywordMain.groovy:64)
	at com.kms.katalon.core.webui.keyword.internal.WebUIKeywordMain.runKeyword(WebUIKeywordMain.groovy:26)
	at com.kms.katalon.core.webui.keyword.builtin.ClickKeyword.click(ClickKeyword.groovy:74)
	at com.kms.katalon.core.webui.keyword.builtin.ClickKeyword.execute(ClickKeyword.groovy:40)
	at com.kms.katalon.core.keyword.internal.KeywordExecutor.executeKeywordForPlatform(KeywordExecutor.groovy:74)
	at com.kms.katalon.core.webui.keyword.WebUiBuiltInKeywords.click(WebUiBuiltInKeywords.groovy:620)
	at com.kms.katalon.core.webui.keyword.WebUiBuiltInKeywords$click$2.call(Unknown Source)
	at pkgUtilities.kwyUtility.fPassStatus(kwyUtility.groovy:216)
	at pkgUtilities.kwyUtility.invokeMethod(kwyUtility.groovy)
	at com.kms.katalon.core.main.CustomKeywordDelegatingMetaClass.invokeStaticMethod(CustomKeywordDelegatingMetaClass.java:55)
	at TRF03-Transferencia Terceros Credicoop Pesos POS.fPassScript(TRF03-Transferencia Terceros Credicoop Pesos POS:82)
	at com.kms.katalon.core.main.ScriptEngine.runScriptMethodAsRawText(ScriptEngine.java:133)
	at com.kms.katalon.core.main.TestCaseExecutor.runMethod(TestCaseExecutor.java:458)
	at com.kms.katalon.core.main.TestCaseExecutor.runMethod(TestCaseExecutor.java:580)
	at com.kms.katalon.core.main.TestCaseExecutor.internallyRunMethods(TestCaseExecutor.java:565)
	at com.kms.katalon.core.main.TestCaseExecutor.onExecutionComplete(TestCaseExecutor.java:135)
	at com.kms.katalon.core.main.TestCaseExecutor.processExecutionPhase(TestCaseExecutor.java:430)
	at com.kms.katalon.core.main.TestCaseExecutor.accessMainPhase(TestCaseExecutor.java:410)
	at com.kms.katalon.core.main.TestCaseExecutor.execute(TestCaseExecutor.java:285)
	at com.kms.katalon.core.common.CommonExecutor.accessTestCaseMainPhase(CommonExecutor.java:65)
	at com.kms.katalon.core.main.TestSuiteExecutor.accessTestSuiteMainPhase(TestSuiteExecutor.java:144)
	at com.kms.katalon.core.main.TestSuiteExecutor.execute(TestSuiteExecutor.java:106)
	at com.kms.katalon.core.main.TestCaseMain.startTestSuite(TestCaseMain.java:185)
	at com.kms.katalon.core.main.TestCaseMain$startTestSuite$0.call(Unknown Source)
	at TempTestSuite1681234286297.run(TempTestSuite1681234286297.groovy:36)
Caused by: com.kms.katalon.core.webui.exception.WebElementNotFoundException: Web element with id: 'Object Repository/02-Dashboard/lnkDsbSalir' located by '//div[@id='frmAccountsLanding_customhamburger_LogOutlblAccounts']' not found
	at com.kms.katalon.core.webui.common.WebUiCommonHelper.findWebElement(WebUiCommonHelper.java:1370)
	at com.kms.katalon.core.webui.keyword.internal.WebUIAbstractKeyword.findWebElement(WebUIAbstractKeyword.groovy:27)
	at com.kms.katalon.core.webui.keyword.builtin.ClickKeyword$_click_closure1.doCall(ClickKeyword.groovy:65)
	at com.kms.katalon.core.webui.keyword.builtin.ClickKeyword$_click_closure1.call(ClickKeyword.groovy)
	at com.kms.katalon.core.webui.keyword.internal.WebUIKeywordMain.runKeyword(WebUIKeywordMain.groovy:20)
	at com.kms.katalon.core.webui.keyword.builtin.ClickKeyword.click(ClickKeyword.groovy:74)
	at com.kms.katalon.core.webui.keyword.builtin.ClickKeyword.execute(ClickKeyword.groovy:40)
	at com.kms.katalon.core.keyword.internal.KeywordExecutor.executeKeywordForPlatform(KeywordExecutor.groovy:74)
	at com.kms.katalon.core.webui.keyword.WebUiBuiltInKeywords.click(WebUiBuiltInKeywords.groovy:620)
	at com.kms.katalon.core.webui.keyword.WebUiBuiltInKeywords$click$2.call(Unknown Source)
	at pkgUtilities.kwyUtility.fPassStatus(kwyUtility.groovy:216)
	at pkgUtilities.kwyUtility.invokeMethod(kwyUtility.groovy)
	at com.kms.katalon.core.main.CustomKeywordDelegatingMetaClass.invokeStaticMethod(CustomKeywordDelegatingMetaClass.java:55)
	at Script1680178972292.fPassScript(Script1680178972292.groovy:82)
	... 14 more
)
[[ATTACHMENT|C:\\Users\\natalia.heit\\git\\KtlnNCDWeb\\Reports\\20230411_143121\\03-Transferencias\\Transferencias\\20230411_143126\\1681234674848.png]]

2023-04-11 14:37:54 - [MESSAGE][FAILED] - Unable to click on object 'Object Repository/02-Dashboard/lnkDsbSalir'

2023-04-11 14:37:54 - [MESSAGE][WARNING] - Error occurred when try to run method 'fPassScript' (Root cause: com.kms.katalon.core.exception.StepFailedException - com.kms.katalon.core.exception.StepFailedException: Unable to click on object 'Object Repository/02-Dashboard/lnkDsbSalir')]]></system-out>
         <system-err><![CDATA[]]></system-err>
      </testcase>
      <system-out><![CDATA[2023-04-11 14:33:32 - [TEST_SUITE][PASSED] - Transferencias: Test Cases/04-Transferencias/TRF03-Transferencia Terceros Credicoop Pesos POS]]></system-out>
      <system-err><![CDATA[]]></system-err>
   </testsuite>
</testsuites>
