<?xml version="1.0" encoding="UTF-8"?>
<testsuites name="Accesibilidad" time="22.85" tests="1" failures="0" errors="0">
   <testsuite name="Accesibilidad" tests="1" failures="0" errors="0" time="22.85" skipped="0" timestamp="2023-04-20 12:50:53" hostname="natalia.heit - AR-NB-490.tsoftglobal.com" id="Test Suites/01-Accesibilidad/Accesibilidad">
      <properties>
         <property name="deviceName" value=""/>
         <property name="devicePlatform" value=""/>
         <property name="logFolder" value="C:\\Users\\natalia.heit\\git\\NCD\\Reports\\20230420_125023\\01-Accesibilidad\\Accesibilidad\\20230420_125029"/>
         <property name="logFiles" value="C:\\Users\\natalia.heit\\git\\NCD\\Reports\\20230420_125023\\01-Accesibilidad\\Accesibilidad\\20230420_125029\\execution0.log"/>
         <property name="attachments" value=""/>
         <property name="hostName" value="natalia.heit - AR-NB-490.tsoftglobal.com"/>
         <property name="os" value="Windows 10 64bit"/>
         <property name="katalonVersion" value="8.4.1.208"/>
         <property name="browser" value="Chrome 112.0.0.0"/>
         <property name="hostAddress" value="172.29.16.1"/>
         <property name="sessionId" value="647917e3745803bd77b1ffa5f5058b83"/>
         <property name="seleniumVersion" value="3.141.59"/>
         <property name="proxyInformation" value="ProxyInformation { proxyOption=NO_PROXY, proxyServerType=HTTP, username=, password=********, proxyServerAddress=, proxyServerPort=0, executionList=&quot;&quot;, isApplyToDesiredCapabilities=true }"/>
         <property name="platform" value="Windows 10"/>
      </properties>
      <testcase name="Test Cases/01-Login/LGN01-Login happy case" time="22.53" classname="Test Cases/01-Login/LGN01-Login happy case" status="PASSED">
         <system-out><![CDATA[2023-04-20 12:50:54 - [TEST_CASE][PASSED] - Test Cases/01-Login/LGN01-Login happy case: Test Cases/01-Login/LGN01-Login happy case

2023-04-20 12:50:54 - [TEST_STEP][PASSED] - pkgUtilities.kwyUtility.Server("Internet"): pkgUtilities.kwyUtility.Server is PASSED

2023-04-20 12:50:57 - [MESSAGE][PASSED] - pkgUtilities.kwyUtility.Server is PASSED

2023-04-20 12:50:57 - [TEST_STEP][PASSED] - vDNI = findTestData("02-Usuarios/SetUsers-FF").getValue(3, 1): null

2023-04-20 12:50:57 - [TEST_STEP][PASSED] - vClave = findTestData("02-Usuarios/SetUsers-FF").getValue(5, 1): null

2023-04-20 12:50:57 - [TEST_STEP][PASSED] - vUsuario = findTestData("02-Usuarios/SetUsers-FF").getValue(4, 1): null

2023-04-20 12:50:57 - [TEST_STEP][PASSED] - openBrowser(ServerUsado): Browser is opened with url: 'https://ncdtesting.bancocredicoop.coop/apps/NCDBC/#_frmLogin'

2023-04-20 12:50:58 - [MESSAGE][INFO] - Starting 'Chrome' driver

2023-04-20 12:50:58 - [MESSAGE][INFO] - Action delay is set to 0 milliseconds

2023-04-20 12:51:04 - [MESSAGE][PASSED] - Browser is opened with url: 'https://ncdtesting.bancocredicoop.coop/apps/NCDBC/#_frmLogin'

2023-04-20 12:51:04 - [TEST_STEP][PASSED] - maximizeWindow(): Current window maximized

2023-04-20 12:51:04 - [MESSAGE][PASSED] - Current window maximized

2023-04-20 12:51:04 - [TEST_STEP][PASSED] - click(findTestObject("Object Repository/01-Login/btnLgnCerrarBanner")): Object: 'Object Repository/01-Login/btnLgnCerrarBanner' is clicked on

2023-04-20 12:51:05 - [MESSAGE][PASSED] - Object: 'Object Repository/01-Login/btnLgnCerrarBanner' is clicked on

2023-04-20 12:51:05 - [TEST_STEP][PASSED] - setText(findTestObject("Object Repository/01-Login/txtLgnDNI"), vDNI): Text '20144835' is set on object 'Object Repository/01-Login/txtLgnDNI'

2023-04-20 12:51:06 - [MESSAGE][PASSED] - Text '20144835' is set on object 'Object Repository/01-Login/txtLgnDNI'

2023-04-20 12:51:06 - [TEST_STEP][PASSED] - setText(findTestObject("Object Repository/01-Login/txtLgnClave"), vClave): Text 'Testing3' is set on object 'Object Repository/01-Login/txtLgnClave'

2023-04-20 12:51:07 - [MESSAGE][PASSED] - Text 'Testing3' is set on object 'Object Repository/01-Login/txtLgnClave'

2023-04-20 12:51:07 - [TEST_STEP][PASSED] - setText(findTestObject("Object Repository/01-Login/txtLgnUsuario"), vUsuario): Text 'edie02' is set on object 'Object Repository/01-Login/txtLgnUsuario'

2023-04-20 12:51:08 - [MESSAGE][PASSED] - Text 'edie02' is set on object 'Object Repository/01-Login/txtLgnUsuario'

2023-04-20 12:51:08 - [TEST_STEP][PASSED] - click(findTestObject("Object Repository/01-Login/btnLgnIngresar")): Object: 'Object Repository/01-Login/btnLgnIngresar' is clicked on

2023-04-20 12:51:08 - [MESSAGE][PASSED] - Object: 'Object Repository/01-Login/btnLgnIngresar' is clicked on

2023-04-20 12:51:08 - [TEST_STEP][PASSED] - click(findTestObject("Object Repository/02-Dashboard/icoDsbSalir")): Object: 'Object Repository/02-Dashboard/icoDsbSalir' is clicked on

2023-04-20 12:51:15 - [MESSAGE][PASSED] - Object: 'Object Repository/02-Dashboard/icoDsbSalir' is clicked on

2023-04-20 12:51:15 - [TEST_STEP][PASSED] - Start tear down : fPassScript: Method 'fPassScript' complete successfully

2023-04-20 12:51:15 - [TEST_STEP][PASSED] - pkgUtilities.kwyUtility.fLoginPassStatus(): pkgUtilities.kwyUtility.fLoginPassStatus is PASSED

2023-04-20 12:51:16 - [MESSAGE][PASSED] - Browser is closed

2023-04-20 12:51:16 - [MESSAGE][PASSED] - pkgUtilities.kwyUtility.fLoginPassStatus is PASSED

2023-04-20 12:51:16 - [MESSAGE][PASSED] - Method 'fPassScript' complete successfully]]></system-out>
         <system-err><![CDATA[]]></system-err>
      </testcase>
      <system-out><![CDATA[2023-04-20 12:50:53 - [TEST_SUITE][PASSED] - Accesibilidad: Test Cases/01-Login/LGN01-Login happy case]]></system-out>
      <system-err><![CDATA[]]></system-err>
   </testsuite>
</testsuites>
